<?xml version="1.0" encoding="UTF-8"?>
<beans xmlns="http://www.springframework.org/schema/beans">
    <bean class="aaa">
        <property name="qqq2" value="${xml.mod2.prop1}"/>
    </bean>
</beans>